<?xml version="1.0" encoding="UTF-8"?>
<!-- Generated by org.testng.reporters.JUnitXMLReporter -->
<testsuite hostname="DESKTOP-97E01BO" ignored="1" name="Activity2" tests="3" failures="1" timestamp="2020-09-08T10:44:18 IST" time="61.192" errors="0">
  <testcase name="testCase1" time="0.253" classname="firstActivity.Activity2"/>
  <testcase name="testCase2" time="1.126" classname="firstActivity.Activity2">
    <failure type="junit.framework.ComparisonFailure" message="expected:&amp;lt;B...&amp;gt; but was:&amp;lt;b...&amp;gt;">
      <![CDATA[junit.framework.ComparisonFailure: expected:<B...> but was:<b...>
at junit.framework.Assert.assertEquals(Assert.java:81)
at junit.framework.Assert.assertEquals(Assert.java:87)
at firstActivity.Activity2.testCase2(Activity2.java:41)
at java.util.ArrayList.forEach(ArrayList.java:1259)
... Removed 27 stack frames]]>
    </failure>
  </testcase> <!-- testCase2 -->
  <testcase name="testCase4" time="0.006" classname="firstActivity.Activity2">
    <skipped/>
  </testcase> <!-- testCase4 -->
  <testcase name="testCase3" time="0.0" classname="firstActivity.Activity2">
    <ignored/>
  </testcase> <!-- testCase3 -->
</testsuite> <!-- Activity2 -->
